<?xml version="1.0" encoding="UTF-8"?>
<!-- Generated by org.testng.reporters.JUnitReportReporter -->
<testsuite skipped="0" hostname="Fahim-Ahmed-1988" name="inputSearch.searchInput" tests="1" failures="0" timestamp="18 Sep 2018 21:06:52 GMT" time="9.668" errors="0">
  <testcase name="search" time="9.668" classname="inputSearch.searchInput"/>
</testsuite> <!-- inputSearch.searchInput -->
